2026-07-04 00:13:22.660 INFO  PlacePro starting
2026-07-04 00:13:57.140 INFO  Login success: role=STUDENT, email=aarav.sharma@student.placepro.local
2026-07-04 00:20:44.174 INFO  Login success: role=STUDENT, email=alice@campus.edu
2026-07-04 00:20:44.257 WARN  Login failure: role=STUDENT, email=nobody@campus.edu
2026-07-04 00:20:44.411 WARN  Login failure: role=STUDENT, email=alice@campus.edu
2026-07-04 00:20:44.488 WARN  Login failure: role=STUDENT, email=alice@campus.edu
2026-07-04 00:20:44.566 WARN  Login failure: role=STUDENT, email=alice@campus.edu
2026-07-04 00:20:44.645 WARN  Login failure: role=STUDENT, email=alice@campus.edu
2026-07-04 00:20:44.723 WARN  Login failure: role=STUDENT, email=alice@campus.edu
2026-07-04 00:20:45.033 INFO  Login success: role=STUDENT, email=alice@campus.edu
2026-07-04 00:20:45.189 WARN  Login failure: role=STUDENT, email=alice@campus.edu
2026-07-04 00:20:45.203 INFO  Drive status transition: driveId=1, DRAFT -> PUBLISHED
2026-07-04 00:20:45.204 INFO  Drive status transition: driveId=5, PUBLISHED -> CLOSED
2026-07-04 00:20:45.204 INFO  Drive status transition: driveId=5, CLOSED -> COMPLETED
2026-07-04 00:20:51.700 INFO  PlacePro starting
2026-07-04 00:36:39.964 INFO  Login success: role=STUDENT, email=alice@campus.edu
2026-07-04 00:36:40.050 WARN  Login failure: role=STUDENT, email=nobody@campus.edu
2026-07-04 00:36:40.203 WARN  Login failure: role=STUDENT, email=alice@campus.edu
2026-07-04 00:36:40.389 WARN  Login failure: role=STUDENT, email=alice@campus.edu
2026-07-04 00:36:40.464 WARN  Login failure: role=STUDENT, email=alice@campus.edu
2026-07-04 00:36:40.539 WARN  Login failure: role=STUDENT, email=alice@campus.edu
2026-07-04 00:36:40.614 WARN  Login failure: role=STUDENT, email=alice@campus.edu
2026-07-04 00:36:40.933 INFO  Login success: role=STUDENT, email=alice@campus.edu
2026-07-04 00:36:41.087 WARN  Login failure: role=STUDENT, email=alice@campus.edu
2026-07-04 00:36:41.110 INFO  Drive status transition: driveId=1, DRAFT -> PUBLISHED
2026-07-04 00:36:41.112 INFO  Drive status transition: driveId=5, PUBLISHED -> CLOSED
2026-07-04 00:36:41.112 INFO  Drive status transition: driveId=5, CLOSED -> COMPLETED
2026-07-04 00:36:50.391 INFO  PlacePro starting
2026-07-04 00:37:17.505 INFO  Login success: role=STUDENT, email=aarav.sharma@student.placepro.local
2026-07-04 00:38:13.041 INFO  Login success: role=OFFICER, email=anita.rao@placepro.local
2026-07-04 00:41:30.565 INFO  Login success: role=ADMIN, email=rahul.mehta@placepro.local
2026-07-04 00:42:24.015 INFO  Login success: role=RECRUITER, email=karan.malhotra@technova.example
2026-07-04 00:42:42.939 INFO  Login success: role=STUDENT, email=aarav.sharma@student.placepro.local
2026-07-04 00:45:06.879 INFO  PlacePro starting
2026-07-04 00:47:37.679 INFO  PlacePro starting
